# JRE version: OpenJDK Runtime Environment Corretto-17.0.5.8.1 (17.0.5+8) (build 17.0.5+8-LTS)
# Java VM: OpenJDK 64-Bit Server VM Corretto-17.0.5.8.1 (17.0.5+8-LTS, mixed mode, sharing, tiered, compressed oops, compressed class ptrs, g1 gc, windows-amd64)
GC Precious Log:
 CPUs: 8 total, 8 available
 Memory: 16185M
 Large Page Support: Disabled
 NUMA Support: Disabled
 Compressed Oops: Enabled (Zero based)
 Heap Region Size: 2M
 Heap Min Capacity: 8M
 Heap Initial Capacity: 254M
 Heap Max Capacity: 4048M
 Pre-touch: Disabled
 Parallel Workers: 8
 Concurrent Workers: 2
 Concurrent Refinement Workers: 8
 Periodic GC: Disabled
Heap:
 garbage-first heap   total 364544K, used 236092K [0x0000000703000000, 0x0000000800000000)
  region size 2048K, 1 young (2048K), 1 survivors (2048K)
 Metaspace       used 72062K, committed 72640K, reserved 1114112K
  class space    used 9354K, committed 9600K, reserved 1048576K
GC Heap History (20 events):
Event: 6.962 GC heap after
{Heap after GC invocations=22 (full 0):
 garbage-first heap   total 182272K, used 109824K [0x0000000703000000, 0x0000000800000000)
  region size 2048K, 2 young (4096K), 2 survivors (4096K)
 Metaspace       used 71348K, committed 71808K, reserved 1114112K
  class space    used 9246K, committed 9472K, reserved 1048576K
}
Event: 6.989 GC heap before
{Heap before GC invocations=22 (full 0):
 garbage-first heap   total 182272K, used 124160K [0x0000000703000000, 0x0000000800000000)
  region size 2048K, 10 young (20480K), 2 survivors (4096K)
 Metaspace       used 71348K, committed 71808K, reserved 1114112K
  class space    used 9246K, committed 9472K, reserved 1048576K
}
Event: 6.992 GC heap after
{Heap after GC invocations=23 (full 0):
 garbage-first heap   total 182272K, used 126208K [0x0000000703000000, 0x0000000800000000)
  region size 2048K, 2 young (4096K), 2 survivors (4096K)
 Metaspace       used 71348K, committed 71808K, reserved 1114112K
  class space    used 9246K, committed 9472K, reserved 1048576K
}
Event: 7.015 GC heap before
{Heap before GC invocations=23 (full 0):
 garbage-first heap   total 182272K, used 134400K [0x0000000703000000, 0x0000000800000000)
  region size 2048K, 7 young (14336K), 2 survivors (4096K)
 Metaspace       used 71348K, committed 71808K, reserved 1114112K
  class space    used 9246K, committed 9472K, reserved 1048576K
}
Event: 7.018 GC heap after
{Heap after GC invocations=24 (full 0):
 garbage-first heap   total 182272K, used 136448K [0x0000000703000000, 0x0000000800000000)
  region size 2048K, 1 young (2048K), 1 survivors (2048K)
 Metaspace       used 71348K, committed 71808K, reserved 1114112K
  class space    used 9246K, committed 9472K, reserved 1048576K
}
Event: 7.034 GC heap before
{Heap before GC invocations=24 (full 0):
 garbage-first heap   total 182272K, used 89344K [0x0000000703000000, 0x0000000800000000)
  region size 2048K, 4 young (8192K), 1 survivors (2048K)
 Metaspace       used 71348K, committed 71808K, reserved 1114112K
  class space    used 9246K, committed 9472K, reserved 1048576K
}
Event: 7.036 GC heap after
{Heap after GC invocations=25 (full 0):
 garbage-first heap   total 182272K, used 91392K [0x0000000703000000, 0x0000000800000000)
  region size 2048K, 1 young (2048K), 1 survivors (2048K)
 Metaspace       used 71348K, committed 71808K, reserved 1114112K
  class space    used 9246K, committed 9472K, reserved 1048576K
}
Event: 7.067 GC heap before
{Heap before GC invocations=26 (full 0):
 garbage-first heap   total 182272K, used 109824K [0x0000000703000000, 0x0000000800000000)
  region size 2048K, 11 young (22528K), 1 survivors (2048K)
 Metaspace       used 71348K, committed 71808K, reserved 1114112K
  class space    used 9246K, committed 9472K, reserved 1048576K
}
Event: 7.070 GC heap after
{Heap after GC invocations=27 (full 0):
 garbage-first heap   total 182272K, used 111872K [0x0000000703000000, 0x0000000800000000)
  region size 2048K, 2 young (4096K), 2 survivors (4096K)
 Metaspace       used 71348K, committed 71808K, reserved 1114112K
  class space    used 9246K, committed 9472K, reserved 1048576K
}
Event: 7.075 GC heap before
{Heap before GC invocations=27 (full 0):
 garbage-first heap   total 182272K, used 113920K [0x0000000703000000, 0x0000000800000000)
  region size 2048K, 4 young (8192K), 2 survivors (4096K)
 Metaspace       used 71348K, committed 71808K, reserved 1114112K
  class space    used 9246K, committed 9472K, reserved 1048576K
}
Event: 7.106 GC heap after
{Heap after GC invocations=28 (full 0):
 garbage-first heap   total 364544K, used 105984K [0x0000000703000000, 0x0000000800000000)
  region size 2048K, 1 young (2048K), 1 survivors (2048K)
 Metaspace       used 71348K, committed 71808K, reserved 1114112K
  class space    used 9246K, committed 9472K, reserved 1048576K
}
Event: 7.329 GC heap before
{Heap before GC invocations=28 (full 0):
 garbage-first heap   total 364544K, used 173568K [0x0000000703000000, 0x0000000800000000)
  region size 2048K, 35 young (71680K), 1 survivors (2048K)
 Metaspace       used 71359K, committed 71808K, reserved 1114112K
  class space    used 9246K, committed 9472K, reserved 1048576K
}
Event: 7.340 GC heap after
{Heap after GC invocations=29 (full 0):
 garbage-first heap   total 364544K, used 175360K [0x0000000703000000, 0x0000000800000000)
  region size 2048K, 5 young (10240K), 5 survivors (10240K)
 Metaspace       used 71359K, committed 71808K, reserved 1114112K
  class space    used 9246K, committed 9472K, reserved 1048576K
}
Event: 7.504 GC heap before
{Heap before GC invocations=29 (full 0):
 garbage-first heap   total 364544K, used 218368K [0x0000000703000000, 0x0000000800000000)
  region size 2048K, 27 young (55296K), 5 survivors (10240K)
 Metaspace       used 71361K, committed 71808K, reserved 1114112K
  class space    used 9246K, committed 9472K, reserved 1048576K
}
Event: 7.511 GC heap after
{Heap after GC invocations=30 (full 0):
 garbage-first heap   total 364544K, used 201728K [0x0000000703000000, 0x0000000800000000)
  region size 2048K, 4 young (8192K), 4 survivors (8192K)
 Metaspace       used 71361K, committed 71808K, reserved 1114112K
  class space    used 9246K, committed 9472K, reserved 1048576K
}
Event: 7.677 GC heap before
{Heap before GC invocations=30 (full 0):
 garbage-first heap   total 364544K, used 238592K [0x0000000703000000, 0x0000000800000000)
  region size 2048K, 23 young (47104K), 4 survivors (8192K)
 Metaspace       used 71365K, committed 71808K, reserved 1114112K
  class space    used 9246K, committed 9472K, reserved 1048576K
}
Event: 7.678 GC heap after
{Heap after GC invocations=31 (full 0):
 garbage-first heap   total 364544K, used 194848K [0x0000000703000000, 0x0000000800000000)
  region size 2048K, 1 young (2048K), 1 survivors (2048K)
 Metaspace       used 71365K, committed 71808K, reserved 1114112K
  class space    used 9246K, committed 9472K, reserved 1048576K
}
Event: 7.735 GC heap before
{Heap before GC invocations=31 (full 0):
 garbage-first heap   total 364544K, used 239904K [0x0000000703000000, 0x0000000800000000)
  region size 2048K, 24 young (49152K), 1 survivors (2048K)
 Metaspace       used 71365K, committed 71808K, reserved 1114112K
  class space    used 9246K, committed 9472K, reserved 1048576K
}
Event: 7.745 GC heap after
{Heap after GC invocations=32 (full 0):
 garbage-first heap   total 364544K, used 242048K [0x0000000703000000, 0x0000000800000000)
  region size 2048K, 3 young (6144K), 3 survivors (6144K)
 Metaspace       used 71365K, committed 71808K, reserved 1114112K
  class space    used 9246K, committed 9472K, reserved 1048576K
}
Event: 7.943 GC heap before
{Heap before GC invocations=32 (full 0):
 garbage-first heap   total 364544K, used 264576K [0x0000000703000000, 0x0000000800000000)
  region size 2048K, 15 young (30720K), 3 survivors (6144K)
 Metaspace       used 72062K, committed 72640K, reserved 1114112K
  class space    used 9354K, committed 9600K, reserved 1048576K
}

